[backblue.gif]
[fade.gif]
[index.html]
[web.roblox.com/index.html]
[www.roblox.com/index.html]
[css.rbxcdn.com/f74ee1e07ed467ea0e60b654ad81ae7f13c442a6b2de519a685f51f651158851.css]
[css.rbxcdn.com/fde27d6cece842fd4124e82fe615077ebe3d9463f6c863857e4cc56e148a28a8.css]
[css.rbxcdn.com/c78c8b19218c2758d3d8928b31bf66dc6557beb72ce73a77954e8caa38237c51.css]
[css.rbxcdn.com/a0b5ba3d187410d3ed177c044e1b471cdd4ed61430acbded1660c60cd499f15e.css]
[css.rbxcdn.com/2c2a709240897ce382b7ff55be4347cd0994ab1e2d6ed3b56649e54b0e97e13a.css]
[css.rbxcdn.com/6edb2191aa318f963253361b43d2657a04b3d16e9c28fe7b22d4a4d5686f1cb4.css]
[css.rbxcdn.com/7ad657e69727fa186479f00ffaeb5160e37114c9f1d34d335b2b9959405723c6.css]
[css.rbxcdn.com/d400250f1ffa910c32229d677f743e9349433a52b4628a7c6175948555611d41.css]
[css.rbxcdn.com/1a2084f9435458bf8c525b825c6ae4528eecf07ff41cb153c107b3c02e2a7cda.css]
[css.rbxcdn.com/4c3fec0ce872f94f2c2be18e6fd016e43fdc4ccecad591cdaa3a63116f512178.css]
[css.rbxcdn.com/6fe55c3438539daf776774645e39e121d991246d6a38972b81e3f9550a585b5b.css]
[css.rbxcdn.com/3c4bd9b17b9020d9ebc87d4542a68a949a9de6150a55a92f0e65514520ee777e.css]
[css.rbxcdn.com/8efa79e576b0df3d4c51fb1eb4e13af137d5eb8f44aef51321f7d4abbf9c3a86.css]
[css.rbxcdn.com/68f976f4a3f8f3a6aae074879170e579451270e693d2361491b1c1bb9ac5e4c5.css]
[js.rbxcdn.com/79cd995887c89cecacb2a57605275253.js]
[js.rbxcdn.com/772034db167d3f4260047db4a7f2b8a58cf448709327013541e47c8962b6e556.js]
[js.rbxcdn.com/4db2f741b7a3ec36d11fec999ce33f708ae85641cabfd27e11e0935928f7d9c4.js]
[js.rbxcdn.com/97cb9ac7262155c329a259fce9f940f9bcfa852a6a1ccb44bd8a41c31e84e54b.js]
[js.rbxcdn.com/edc66704bd1974195d8c60f4a163441bec82f1bcb11c492e7df07c43f45a4d49.js]
[js.rbxcdn.com/2ad6b2753f8558f55fc35440842b58f6a8f74b40879dd503fa8394beac7d3370.js]
[www.roblox.com/client-status.html]
[www.roblox.com/login.html]
[www.roblox.com/NewLoginf87d.html]
[www.roblox.com/NewLogine9d2.html]
[www.roblox.com/regex/email.json]
[www.roblox.com/catalog/index.html]
[www.roblox.com/service-workers/push-notifications.js]
[roblox.com/js/hsts30f4.js]
[js.rbxcdn.com/c379cf5d3d1d768411d61450b75635695058f905a96e00173122282620a96da3.js]
[www.roblox.com/timg/rbx.png]
[js.rbxcdn.com/d44520f7da5ec476cfb1704d91bab327.js]
[js.rbxcdn.com/558cbed0ebd127bd21f1045302a44c69a092fc29acd3ed983ecd5bcb46ed2e84.js]
[js.rbxcdn.com/83d836a661ff433d5b7ce719c489e43af590ff75ab39ccc6d393546fe91b766a.js]
[js.rbxcdn.com/cd69d44e6a48234f63af40e313ccf634.js]
[js.rbxcdn.com/53f594a72220151cba2a47a281c7a395d07fcb959d0403324d5453cf5d72dd60.js]
[js.rbxcdn.com/1e53579ca711cb6cef72a952da7bc955115a220feba4b523d50daf2f3324171f.js]
[js.rbxcdn.com/b79589d3dfb2446936aac95605deaa507ce5bc3e09073bac7dd04872880694c2.js]
[js.rbxcdn.com/cf340fb618d9a73913b30dfc624ae60d68b9e59723746e6c08d06d14ebdd6dca.js]
[js.rbxcdn.com/5301e4bf0d04097eecd473d709fc8b566b5b2223d61e923fc643996c86cabf38.js]
[js.rbxcdn.com/5259cfe8a3e36118bd61120693dbba3ba87f2c3641f84bb07e29f1d69fe87523.js]
[js.rbxcdn.com/ae3d621886e736e52c97008e085fa286.js]
[js.rbxcdn.com/377c674a82ee578adceacd077ea7787db64edd86eba1fadc6d8fae9633163bfe.js]
[js.rbxcdn.com/90f18784a43a70553e967191b948f70b0193df565f1605762c3c1e245ab4b55a.js]
[js.rbxcdn.com/ca6836e875140765f70de8ce77eeb48ad4702890af0a407eda2fa5be9ad1e50b.js]
[js.rbxcdn.com/077dd64734d3aa9a884874f85f2f514a239688c33a0fdf3f90365e0e7436ec3b.js]
[js.rbxcdn.com/0a83202cf5f2310227e607928f73a26cdaa7d5c27f892b99ef51ec3b863a694d.js]
[js.rbxcdn.com/ffcc04436179c6b2a6668fdfcfbf62b1.js]
[js.rbxcdn.com/1e979a52d80126c2447674c17604baf65f73183fd44df1e6cd862feb441bdcc5.js]
[js.rbxcdn.com/c25a0958c74cdafa431517e9b8466e2ba214e5f70d702cc127a7c0d8b89e2887.js]
[js.rbxcdn.com/8849783a45e85b04232d3a71e9efc2ce8a5d4e0e072bb37740fe2f5acd0ef50a.js]
[js.rbxcdn.com/a5d76f662cc98d13a65d323097497aa93948409caf12b33464400259111e8082.js]
[js.rbxcdn.com/44e6fe0aaaa075de7ab794c70ead3b501f709f0caa4499218e81b9cf477794cd.js]
[js.rbxcdn.com/a649fadab38b9a8866624ed6302536fa09f91452edf32ae01c023f08ca33562a.js]
[js.rbxcdn.com/9046a303681e15f689ae09057b4dbf9c8ecf074be4d921d2d428dde7744bf03e.js]
[js.rbxcdn.com/6ca3c15b433b9894e4ba49ed9fb163a8b78a9d26e86958677bc42c6309ff0374.js]
[js.rbxcdn.com/3574cff8a3839614386f61fdf914e02e5217a7878601ce33a9ff41f94a2ad8e3.js]
[js.rbxcdn.com/a054aec7da3a2b719cf38e09c5f6a9f45af54f6e632aa964ccc8b5ec2d83b9b0.js]
[js.rbxcdn.com/f173dcac2f8b211cb232d5295be7540816f52e299ec7086b07f27ddf9ce0a2c9.js]
[js.rbxcdn.com/98b97c4779bb10baadfc8a5a1ae049bba5dd9409be06896754f1446ab2048a60.js]
[js.rbxcdn.com/1057677ca91f349db02f7b279cdfbf25bec8098a13c7870317f7ad4cd4779a97.js]
[js.rbxcdn.com/3241cdd45931acc3efce4b49df4fe9583ed09d79994cc782364a84c4e851af5c.js]
[js.rbxcdn.com/4963a609b0bb2465ffa6a7ad10bcff85662879d2f342f0cb1a2485320dd81eb5.js]
[js.rbxcdn.com/c239c2a4cca7b50a6b45a6c32ee7ddfaa0bba7011c733c6db5aad0f6a7927d54.js]
[js.rbxcdn.com/9fb09b4d4a78eacf58ad406dd6bbf3b15c3e59c853c24409205894a7d02824b5.js]
[js.rbxcdn.com/161c72b59b82ca89668a77dae275694d82f11d67f561f1fe6ac98bce0a310eb8.js]
[js.rbxcdn.com/4cff9ff97602ca772f8b90c46cb6fc674e4b575761f0c3941af21d65cb84f519.js]
[js.rbxcdn.com/c4b0a446b38285f3db5472340f4ef27d737c87b78348e36dc7acbcfec89d70bf.js]
[js.rbxcdn.com/4b4ed339879e21ebd989965a4ade1a7d6f3181871df8d816198c1cdc73b629d5.js]
[js.rbxcdn.com/652fb1e29ca15ae17497ec3eb9aa4f4ebc9be9e0f4be6e68e2ff6ef6bf82c535.js]
[js.rbxcdn.com/34bae4c284cebfa0950c4e76dbc64b8ea982260cc4c29ec7e5ab9dfcc37b4a8b.js]
[js.rbxcdn.com/fc1a0f5742428ab44fce0b8e125aaf25e1d0c78fff49989ecde0c57490aedb74.js]
[js.rbxcdn.com/82a6f0cb70b3e6ac37762e1194fcdd6d126fbc866ff8806439294ae662127763.js]
[js.rbxcdn.com/b421e34a51115870ea1b5f7db1e30ceaa8a7ff5a8704b346a7c2670607350acc.js]
[js.rbxcdn.com/95fdafe5af749e388de603b9ee7f67bb092c3c790badc572db4e2bca0c32b49a.js]
[js.rbxcdn.com/c0606e8d6eb4487cdc70d318e6de3d9aaeeb465ddb84acd95139011e56c5e5c6.js]
[js.rbxcdn.com/36b66161150882a6d659d2b1a27eb6c38470a8b24e618aad2d2655fc60248118.js]
[js.rbxcdn.com/59485b37071ec0c2133d6378e020dbcd93181f760f927762440c4901ba255640.js]
[js.rbxcdn.com/109d883fe3988fca757e26e341ed0fe8.js]
[js.rbxcdn.com/bcba3a83febab35eb41f3a0b8b96db37.js]
[js.rbxcdn.com/7d49ac94271bd506077acc9d0130eebb.js]
[js.rbxcdn.com/da553e6b77b3d79bec37441b5fb317e7.js]
[js.rbxcdn.com/4a0af9989732810851e9e12809aeb8ad.js]
[js.rbxcdn.com/61a0490ba23afa17f9ecca2a079a6a57.js]
[js.rbxcdn.com/a6df74a754523e097cab747621643c98.js]
[js.rbxcdn.com/33a1b07c5b87fb260fdd31dd6206f57f.js]
[js.rbxcdn.com/dcb8d58df169ad0a416eacc6d6621181d1a6e3cf0aadbf1430e4e39b6241c633.js]
[js.rbxcdn.com/7693d98990f875a88c91c0385e1b0542bb51913fb34b23f414b6890d90353c40.js]
[js.rbxcdn.com/18dede93de3aac02225e1e6e9957d98d6983c39fc9e76eb0cdb05090e5551f95.js]
[js.rbxcdn.com/5b148ca445e1fd4ef905bc3665b2e29d065ab357cc88fd68be95b519f6e2da0d.js]
[js.rbxcdn.com/ce6a4105a4d28cac59aa57a3d6615d56ba63526569ebfd88d49ac363d61caddb.js]
[js.rbxcdn.com/fb47e86d6d7deaf62c7c5c8a62d915361b3f9b47503976e24e4fdd44710a492e.js]
[js.rbxcdn.com/bffafd994791f59d1efb67723313fc0f59b58fef8dec7cf83535c8f4d1d1ebd9.js]
[js.rbxcdn.com/66057870df1e801b4682e500ad76cd4717424a69622100c2f77f3f1f3318a721.js]
[js.rbxcdn.com/c6e71ad3643d3d1397e5a3f1365b7705744372090845746c5210df3578165471.js]
[js.rbxcdn.com/02461b8b073be18ac0808252cc63d8ff84ba4ece25e8fba4289158603bf0c25e.js]
[js.rbxcdn.com/f57262d5985010fe68e512ec054dfd63d0f5c4ce510ef03387b2ac4bc3a851a3.js]
[js.rbxcdn.com/1e4573f9ef867afa963cc1e7909f681040db63a54170cbd3bf177a9ce299ba1c.js]
[js.rbxcdn.com/6fb5e3df1b7b7a5db0d4c996c10518ff45157b8dba339b27bac9b929c7c41888.js]
[js.rbxcdn.com/bdd3607dc0f6be9c5217415d760440e43c94529729b1989d91ffcd84758af825.js]
[js.rbxcdn.com/5a479caa4df1afb7857b070b2e8e03918811f8f1fbbc925eca576687773b6408.js]
[js.rbxcdn.com/6e8a110c397d70c5a9461eb71bbe3db975d3ffd373f09924d49f431b1b0c831c.js]
[js.rbxcdn.com/4bd1d2c26b9554957dba7a429527fc5b73ff6949c827448ffe265cb819285202.js]
[js.rbxcdn.com/241b320daab4139ca0a006a40e2a505a0c437186d013792ba70beea8c3d943e0.js]
[js.rbxcdn.com/2f2a2fe0108ed34da7c2f39437fb818afeef860c758b7f470225c93126953afe.js]
[js.rbxcdn.com/061833a46174c7da8e8f154a9554706708a1cab04aa3593122d3a7c9827f3ca7.js]
[js.rbxcdn.com/f7298b4b7219f98a38727e3125af4384ad1b1549376d4d20aed1f7d4e0e5c3f3.js]
[js.rbxcdn.com/faae893520e223febe56e965bbae9eb242b4237c16c8a010cd0d0e9571819c21.js]
[js.rbxcdn.com/61284c175070c5414f9e2fb144b2cb691fc5309e75813f553cf634d5b7f5be48.js]
[js.rbxcdn.com/9cb1a12045488c854922de30ba02226e1d1a2ea03283df435bb790c04a9eaca1.js]
[js.rbxcdn.com/7d331c9d38ff5ec010f89c9a6c16e25f2a324fe5da0812a1ea6b9115b83087ff.js]
[js.rbxcdn.com/020662b54ab56438d196b0c78b2a1e60fdae2443e130fe9b9f88b3e7cfe64054.js]
[js.rbxcdn.com/d24dc64c7d37c21363db2869c680dd8bca9293c13666902c2ff3f785f1c585e0.js]
[js.rbxcdn.com/5ee7bc9668ffc5df10d44a8492ac1eae9a786bb937f925d50ce5720f4b0a189f.js]
[js.rbxcdn.com/921a676943e930ff0c092bdb1c6a136af154b376eeedb99d25a2ae0daba22979.js]
[js.rbxcdn.com/583e589571bf003a659a3d808202538de0272456bcf53065a440de39a23c57a6.js]
[js.rbxcdn.com/ba74d1e16b6b16b9e437b2ba1ba6259101765da851588693181586f23e28bf66.js]
[js.rbxcdn.com/2f03f9d406b71cc0bdad03d96324d2430b7c67614862b804ade5d52a2309832c.js]
[js.rbxcdn.com/ea1c524777e7f18a31618de80e56d5f43d496ba89cfb48d3009a436590fc7735.js]
[js.rbxcdn.com/d34fe5128c4ec89a217e6c274f8b2fd6114bfcc8380275f87ef3200527089cd1.js]
[js.rbxcdn.com/396892e9ffe25652a4b137c7f5d41a4e4793d20bbad8b4194f7022036685e943.js]
[js.rbxcdn.com/0104be627f13e60fbdee4407851f3864c514a290575109ffb39f4261fd9886b2.js]
[js.rbxcdn.com/f41ec06eeae79fa94e6ae9f435b0a1c6743085e898884eddb4d4025ca3af8a44.js]
[js.rbxcdn.com/6852af8f7df15395ccb3d121a914ee7301a7162f5afb3395575c6075c617923f.js]
[js.rbxcdn.com/4b8ea6a87cd4886cab02751a4d4fc7c3ca523372514c8e6d0d0ba1a4030b3f05.js]
[js.rbxcdn.com/a345cfb0350dad12bb75dbfc1e2263840cd72a63daea093eefe2df4a057b4610.js]
[js.rbxcdn.com/07f28187a04262691c40aab0653363d045813ea0ed23e4b9a9584a4d42b33d64.js]
[www.roblox.com/index.html]
[js.rbxcdn.com/8fb78fe075f4e1ddb76d05de0e689e7c.js]
[www.roblox.com/GET.html]
[www.roblox.com/POST.html]
[css.rbxcdn.com/38e00f7de6f417aa3a458560a15e2b8a-GothamSSm-Light.woff2]
[css.rbxcdn.com/f74ee1e07ed467ea0e60b654ad81ae7f13c442a6b2de519a685f51f651158851.css]
[css.rbxcdn.com/d8d1cfe6a81efdc0eaa7a64ddeec42230944f4e6330e5eafafcda10cf9e5286a.css]
[css.rbxcdn.com/b8f8f15a57a66e73469ae72eea7d8905346afa78b9f2397627cd099f7dcc779a.css]
[css.rbxcdn.com/fde27d6cece842fd4124e82fe615077ebe3d9463f6c863857e4cc56e148a28a8.css]
[images.rbxcdn.com/97ece22f2b7d710a8d25196c871af810-lock.png]
[css.rbxcdn.com/c78c8b19218c2758d3d8928b31bf66dc6557beb72ce73a77954e8caa38237c51.css]
[css.rbxcdn.com/da45920fef8b22d35ee6cce0702d290241252fbfd99695e2abc0934d20de0974.css]
[css.rbxcdn.com/a0b5ba3d187410d3ed177c044e1b471cdd4ed61430acbded1660c60cd499f15e.css]
[css.rbxcdn.com/2c2a709240897ce382b7ff55be4347cd0994ab1e2d6ed3b56649e54b0e97e13a.css]
[css.rbxcdn.com/6edb2191aa318f963253361b43d2657a04b3d16e9c28fe7b22d4a4d5686f1cb4.css]
[css.rbxcdn.com/08def520152a575438e73a81aa9a310c2415c327df7b624a24aa6e794d24dba3.css]
[css.rbxcdn.com/7ad657e69727fa186479f00ffaeb5160e37114c9f1d34d335b2b9959405723c6.css]
[css.rbxcdn.com/d400250f1ffa910c32229d677f743e9349433a52b4628a7c6175948555611d41.css]
[css.rbxcdn.com/1a2084f9435458bf8c525b825c6ae4528eecf07ff41cb153c107b3c02e2a7cda.css]
[css.rbxcdn.com/4c3fec0ce872f94f2c2be18e6fd016e43fdc4ccecad591cdaa3a63116f512178.css]
[css.rbxcdn.com/6fe55c3438539daf776774645e39e121d991246d6a38972b81e3f9550a585b5b.css]
[css.rbxcdn.com/3c4bd9b17b9020d9ebc87d4542a68a949a9de6150a55a92f0e65514520ee777e.css]
[images.rbxcdn.com/1081a7ee689c21130c51515c4f404fb9-moneystack.png]
[css.rbxcdn.com/8efa79e576b0df3d4c51fb1eb4e13af137d5eb8f44aef51321f7d4abbf9c3a86.css]
[images.rbxcdn.com/1bcca464c2031dbd7afc2f89aef781da-shield.png]
[css.rbxcdn.com/68f976f4a3f8f3a6aae074879170e579451270e693d2361491b1c1bb9ac5e4c5.css]
[css.rbxcdn.com/d5a3728b78be729b693aadf79a1f45f0fa49c15fe863a0d7dd631b75f9e82207.css]
[ecsv2.roblox.com/www/e.png]
[www.roblox.com/client-status/set.html]
[www.roblox.com/client-status.html]
[css.rbxcdn.com/d8a3b48304642bf28fbc1675e55cbd75a3be58986a34a762e360dd3963ad467b.css]
[www.roblox.com/NewLogin.html]
[css.rbxcdn.com/dafa0011479aa80baa7644c359afa68ccb9a098c0cf599bff1b1fd7781553336.css]
[css.rbxcdn.com/c12b1163bd09c1076e861bfcbb98ab175a37971fae6a96c54c031afbb6589427.css]
[js.rbxcdn.com/c204d58ac65cd21581f8512c798a8b9e.js]
[www.roblox.com/Login-2.html]
[www.roblox.com/discover.html]
[www.roblox.com/catalog.html]
[www.roblox.com/upgrades/robux6c91.html]
[www.roblox.com/upgrades/robux1e43.html]
[www.roblox.com/Download.html]
[images.rbxcdn.com/51328932dedb5d8d61107272cc1a27db.png]
[js.rbxcdn.com/f424a786e3d883cff747a034605fa09d.js]
[images.rbxcdn.com/4bed93c91f909002b1f17f05c0ce13d1.gif]
[js.rbxcdn.com/5c2d14ffda5e1890cf34ea31c7c548fb.js]
[js.rbxcdn.com/3e544c8e724dcdc296258b0ca69401a9.js]
[js.rbxcdn.com/b1b11b1fec2f0a024f5a719620b8e134.js]
[js.rbxcdn.com/0983378c7bc1429407a6fd1707daba2efc98d5c8fb1673abe3248f419378f393.js]
[js.rbxcdn.com/5400c0fc3da49859f2affecd4304107bbd3eb80b9b01113f82d5ee811d8cb8ec.js]
[js.rbxcdn.com/29a5a40c6c1c5a3c9a7d43762ca8fb05fea174a702e2d7c988b1caf6afaed04f.js]
[js.rbxcdn.com/7210da612e7309f14077e87c5da4c52f4973a9aedcf89f8f94bc7ee75c334ad6.js]
[js.rbxcdn.com/a0669d464f30a20efdd697ec8e21ed29b99b416669b735d07b0bc2f63bc22b9b.js]
[js.rbxcdn.com/fe345fa49171e73999c333520b87bb3051dbd4c4e74c2ca9ebf8a8c05110f96a.js]
[js.rbxcdn.com/a6621e0d27855e4e2afe111af5aff2146ad81993b241f77c3188671c2704b7db.js]
[js.rbxcdn.com/0056022aadda7fc97ab043ed4f014c54aa31c5b13aa2d33840a736db2bc286b4.js]
[js.rbxcdn.com/c6accedffc69d1bb36f5b9ecbf80133ab3dfc505391d741849c5e25f38c900c7.js]
[js.rbxcdn.com/c11635cad089c6ed8f5334efcf46568f7f116bbdc099dc577a1af49aa3f68466.js]
[www.roblox.com/login.html]
[js.rbxcdn.com/435da86736cce281b0a7aa379f79d988.js]
[www.roblox.com/NewLoginf87d.html]
[www.roblox.com/NewLogine9d2.html]
[www.roblox.com/navigation/userdata.html]
[www.roblox.com/chat/chat.html]
[www.roblox.com/chat/data.html]
[www.roblox.com/friends/list.html]
[www.roblox.com/navigation/getCount.html]
[css.rbxcdn.com/c0245b86765ac0cd9330317ef142266c24e97d94e5515b35460990b68100e6c0.css]
[css.rbxcdn.com/2180618562c0caca7efcbe508a3d189d464f8319d66c6fa17052e9c64e8cedd1.css]
[www.roblox.com/user-sponsorship/1.html]
[js.rbxcdn.com/35b183f29cf4af7b8d3e49bd96d30b56.js]
[js.rbxcdn.com/267b13d96f317adcd84f99e1b9758d63d612f6e44f7c06b49c6c44c1fa99323f.js]
[js.rbxcdn.com/f81ec80a2d49deeaf22de0c2dbc90a18b5a2bba93576b977fe8cd6c608656da2.js]
[js.rbxcdn.com/e2f05beadd198ef90d466589ce5ef1f35686172806aa67f65ba579cbe0361826.js]
[js.rbxcdn.com/005a844468bae021db544561dae001dece9547a29883d9b5bb76d86305f4624c.js]
[js.rbxcdn.com/9992a2f0a049347af1f29d6d43d7335b86794441a9acd989a29dc1289351a70e.js]
[js.rbxcdn.com/4f8933309a73db31df8f615f569d7be74c64f8eb16a24c47f94ce73f02894e87.js]
[js.rbxcdn.com/cf14102c1ca0c2281d3bc8c7f28adf41ccc4d1e321fa1d99b24f625728b951c2.js]
[js.rbxcdn.com/1dd55f3cb6b4820fe28934124b802e165a474dd1b0910e6b2db8a4174f89383b.js]
[js.rbxcdn.com/ef3cc437dc6833cef0ef40f251ba6f8f60e842917a61577165aecad5ad2d33ea.js]
[js.rbxcdn.com/90bb51db086699ec26a6c9df04087678948883f8c3ddd1037c7223a20ff4fe90.js]
[www.roblox.com/catalog/index.html]
[js.rbxcdn.com/ae4103d3d6f5104daa004a8f2854e193.js]
[www.roblox.com/avatar-thumbnail-3d/json.html]
[www.roblox.com/avatar-thumbnail/image.html]
[www.roblox.com/avatar-thumbnail/json.html]
[www.roblox.com/request-error145e.html]
[www.roblox.com/avatar/request-thumbnail-fix.html]
[www.roblox.com/bust-thumbnail/json.html]
[www.roblox.com/headshot-thumbnail/json.html]
[www.roblox.com/request-errore931.html]
[www.roblox.com/outfit-thumbnail/json.html]
[www.roblox.com/place-thumbnails.html]
[www.roblox.com/thumbnail/asset/index.html]
[www.roblox.com/thumbnail/avatar-headshot.html]
[www.roblox.com/thumbnail/avatar-headshots.html]
[www.roblox.com/thumbnail/user-avatar.html]
[www.roblox.com/thumbnail/resolve-hash.html]
[www.roblox.com/thumbnail/place.html]
[www.roblox.com/thumbnail/get-asset-media.html]
[www.roblox.com/thumbnail/remove-asset-media.html]
[www.roblox.com/thumbnail/set-asset-media-sort-order.html]
[www.roblox.com/thumbnail/place-thumbnails.html]
[www.roblox.com/thumbnail/place-thumbnails-partial.html]
[www.roblox.com/thumbnail_holder/g.html]
[www.roblox.com/users/{id}/profile.html]
[www.roblox.com/service-workers/push-notifications.js]
[www.roblox.com/notification-stream/notification-stream-data.html]
[www.roblox.com/api/friends/acceptfriendrequest.html]
[www.roblox.com/api/friends/declinefriendrequest.html]
[www.roblox.com/authentication/is-logged-in.html]
[roblox.com/js/hsts30f4.js]
[www.roblox.com/NewLogin.html]
[css.rbxcdn.com/d8a3b48304642bf28fbc1675e55cbd75a3be58986a34a762e360dd3963ad467b.css]
[css.rbxcdn.com/dafa0011479aa80baa7644c359afa68ccb9a098c0cf599bff1b1fd7781553336.css]
[css.rbxcdn.com/c12b1163bd09c1076e861bfcbb98ab175a37971fae6a96c54c031afbb6589427.css]
[css.rbxcdn.com/4b5dce375cef78073d2192583d1ecd458f10c308fa99847d649d5ec801bebd61.css]
[www.roblox.com/Login-2.html]
[css.rbxcdn.com/59f94a097a7f130e193d37393a5b6b5f61f5cb8bbfd0adf8141f55c6a4473e24.css]
[js.rbxcdn.com/24f208a42147e79212b2bfa04b9285c7293f1b313249fac110c6200930f5b11e.js]
[js.rbxcdn.com/4c0884877673061e682570c9ffc038e9b9fe95de8898191edbd19d4e5a350f5c.js]
[js.rbxcdn.com/9dd96129059471db46de02e8b758e1c196aa1417f9045d229f9de9bf52d0e561.js]
[js.rbxcdn.com/af2daacd82383da4824d70b17814702f.js]
[www.roblox.com/discover.html]
[www.roblox.com/catalog.html]
[css.rbxcdn.com/7367da137103b3abd8731dadde3cba2199b74e0062ac67b1eeec6c4bcff4c198.css]
[js.rbxcdn.com/c3cb1ac657db3c0239438221f819be8a.js]
[js.rbxcdn.com/cd456bb506f1b0b06a2eb645ca018d367185ca84725ec00d524e35ce431f4a8c.js]
[js.rbxcdn.com/f042358235b9d57ea3dfba8401ba1060d7ccc6eb50ab0cf3f1ecbfa6146246de.js]
[js.rbxcdn.com/7e34bd4c97db2d8d00153c1ba6781eed06967d5e3e0fbef59dd289941aab78e0.js]
[js.rbxcdn.com/eb11b8681f296ac33527f935d20ebc10b2762a75054af6ec498ea1e2b4831702.js]
[js.rbxcdn.com/3152274a8dfcacf1938490789d82d69a5bb26a88008379e013b62e3ba144c945.js]
[www.roblox.com/upgrades/robux6c91.html]
[js.rbxcdn.com/244400ffd773cdbb71458e5337e98c13.js]
[www.roblox.com/upgrades/robux1e43.html]
[js.rbxcdn.com/0518ca14b7539821a88c483e9b142d17.js]
[images.rbxcdn.com/e9000aaac02891a062f23195ebeac748.png]
[images.rbxcdn.com/75ba3866ee59c113220b369c2432c7f9.png]
[images.rbxcdn.com/cfbff08ccdfe3e51898dfecf5635dc2a.png]
[images.rbxcdn.com/6e6e44a25ac2fc28a678880c2fec24a9.png]
[images.rbxcdn.com/e72a010763e662fa5c967e6c8f012617.png]
[images.rbxcdn.com/142e6317cbf6ad7d8c43da638f2092f9.png]
[images.rbxcdn.com/3a156c1a29b142c1a3e378b8e071e44b.png]
[images.rbxcdn.com/307b3e67b13a87f42f1672812cea5826.png]
[js.rbxcdn.com/345d56e4753922e82c69ec9663dfc9c6.js]
[www.roblox.com/Download.html]
[www.roblox.com/catalog/GET.html]
[www.roblox.com/catalog/POST.html]
[css.rbxcdn.com/c0245b86765ac0cd9330317ef142266c24e97d94e5515b35460990b68100e6c0.css]
[css.rbxcdn.com/2180618562c0caca7efcbe508a3d189d464f8319d66c6fa17052e9c64e8cedd1.css]
[www.roblox.com/groups/6124305/The-Roman-Empire.html]
[www.roblox.com/user-sponsorship/1.html]
[css.rbxcdn.com/59f94a097a7f130e193d37393a5b6b5f61f5cb8bbfd0adf8141f55c6a4473e24.css]
[www.roblox.com/upgrades/GET.html]
[www.roblox.com/upgrades/POST.html]
[css.rbxcdn.com/9bfc48ea40a698035ea8cbe3d3e94bd06d3aac48969bedceb6d8ba5ff17ff84d.css]
[css.rbxcdn.com/69059229ad91e12f5d900346724308712f2610faa712db13376a4ae76404bbd9.css]
[images.rbxcdn.com/e0288afab1fcc7fba487b28a6f2bb606-premium_header_bg.png]
[css.rbxcdn.com/7367da137103b3abd8731dadde3cba2199b74e0062ac67b1eeec6c4bcff4c198.css]
[www.roblox.com/groups/6124305/The-Roman-Empire.html]
[www.roblox.com/abusereport/Asset03e5.html]
[images.rbxcdn.com/e1398f8378eb7e721b3b51fc05f1f961.png]
